[2026-01-08 17:00:59 +0100] package and setup fix
[2026-01-08 17:24:46 +0100] Add frontend v4 design document
[2026-01-08 17:29:29 +0100] Add frontend v4 implementation plan
[2026-01-08 17:41:07 +0100] feat: initialize Next.js 14 project for frontend-v4
[2026-01-08 17:42:38 +0100] feat: add core dependencies (react-query, ag-grid, shadcn)
[2026-01-08 17:43:19 +0100] feat: configure tailwind with dark mode and AG Grid overrides
[2026-01-08 17:44:00 +0100] feat: add API client with auth support
[2026-01-08 17:44:50 +0100] feat: add React Query provider with devtools
[2026-01-08 17:45:31 +0100] feat: add auth context with login/logout
[2026-01-08 17:46:06 +0100] feat: add root layout with providers and dark theme
[2026-01-08 17:46:51 +0100] feat: add login page
[2026-01-08 17:48:07 +0100] feat: add shell layout with header, sidebar, and keyboard shortcuts
[2026-01-08 17:49:00 +0100] feat: add recherche page placeholder and root redirect
[2026-01-08 17:50:58 +0100] feat: add command palette with Ctrl+K shortcut
[2026-01-08 17:57:21 +0100] feat: add AG Grid data grid wrapper component
[2026-01-08 18:00:04 +0100] feat: add column type definitions and cell renderers
[2026-01-08 18:01:35 +0100] feat: add filter bar component with active filter chips
[2026-01-08 18:03:55 +0100] feat: add company grid with mock data to recherche page
[2026-01-08 18:08:06 +0100] feat: add row expansion with company detail panel
[2026-01-08 18:15:54 +0100] feat: add search functionality with URL state management
[2026-01-08 18:21:28 +0100] feat: add company detail modal with tabbed interface
[2026-01-08 18:29:50 +0100] Implement Phase 6: Listings management
[2026-01-08 18:35:13 +0100] Implement Phases 7-9: Surveillance, News, Settings
[2026-01-08 21:23:52 +0100] Fix unescaped entities in JSX components
[2026-01-08 21:24:09 +0100] Remove unused imports across components
[2026-01-08 21:24:19 +0100] Fix empty interface type in command.tsx
[2026-01-08 21:24:31 +0100] Fix React hooks ESLint warnings
[2026-01-09 10:38:10 +0100] Fix login API endpoint path
[2026-01-10 11:12:41 +0100] Add brand color palette to Tailwind config
[2026-01-10 11:12:55 +0100] Add active state highlighting for compte routes in FiltersSidebar
[2026-01-10 11:13:08 +0100] Add form validation to Login page
[2026-01-10 11:13:22 +0100] Add veille cache service for change detection
[2026-01-10 11:13:36 +0100] Add recherche method to pappersService
[2026-01-10 11:13:51 +0100] Add ListingsVeilleTab and RecherchesVeilleTab components
[2026-01-10 11:14:05 +0100] Add portfolio change detection to FundWatchlistTab
[2026-01-10 11:14:19 +0100] Refactor Surveillance page with new tabbed veille structure
[2026-01-10 12:30:06 +0100] Fix Docker setup for fresh clone workflow
[2026-01-10 13:07:04 +0100] Add design document for recherche resultats page
[2026-01-10 14:06:09 +0100] Add design document for recherche resultats table redesign
[2026-01-10 15:44:31 +0100] Migrate toast system from shadcn to sonner
[2026-01-10 15:44:41 +0100] Update UI components with refined styles
[2026-01-10 15:44:51 +0100] Add notification bell feature
[2026-01-10 15:45:04 +0100] Add RechercheResultats page and components
[2026-01-10 15:45:15 +0100] Add surveillance routes and update components
[2026-01-10 15:45:31 +0100] Update pages to use sonner toast notifications
